[0m17:18:18.576407 [debug] [MainThread]: Sending event: {'category': 'dbt', 'action': 'invocation', 'label': 'start', 'context': [<snowplow_tracker.self_describing_json.SelfDescribingJson object at 0x000001D04BC44170>, <snowplow_tracker.self_describing_json.SelfDescribingJson object at 0x000001D04EC0CF20>, <snowplow_tracker.self_describing_json.SelfDescribingJson object at 0x000001D04C256540>]}


============================== 17:18:18.657524 | d440897b-5a52-4b43-b8c6-da540cdd7786 ==============================
[0m17:18:18.657524 [info ] [MainThread]: Running with dbt=1.10.15
[0m17:18:18.659721 [debug] [MainThread]: running dbt with arguments {'static_parser': 'True', 'no_print': 'None', 'version_check': 'True', 'target_path': 'None', 'warn_error_options': 'WarnErrorOptionsV2(error=[], warn=[], silence=[])', 'printer_width': '80', 'write_json': 'True', 'empty': 'None', 'log_cache_events': 'False', 'introspect': 'True', 'cache_selected_only': 'False', 'fail_fast': 'False', 'debug': 'False', 'log_format': 'default', 'profiles_dir': 'C:\\Users\\edwin.ueberschaer\\.dbt', 'send_anonymous_usage_stats': 'True', 'quiet': 'False', 'warn_error': 'None', 'partial_parse': 'True', 'indirect_selection': 'eager', 'invocation_command': 'dbt init', 'use_colors': 'True', 'use_experimental_parser': 'False', 'log_path': 'logs'}
[0m17:18:18.843330 [info ] [MainThread]: Creating dbt configuration folder at C:\Users\edwin.ueberschaer\.dbt
[0m17:19:29.392272 [debug] [MainThread]: Starter project path: C:\Users\edwin.ueberschaer\OneDrive - BearingPoint GmbH\Side_Projects\DBT\.venv\Lib\site-packages\dbt\include\starter_project
[0m17:19:29.427783 [info ] [MainThread]: 
Your new dbt project "dbt_databricks_sales_data" was created!

For more information on how to configure the profiles.yml file,
please consult the dbt documentation here:

  https://docs.getdbt.com/docs/configure-your-profile

One more thing:

Need help? Don't hesitate to reach out to us via GitHub issues or on Slack:

  https://community.getdbt.com/

Happy modeling!

[0m17:19:29.428790 [info ] [MainThread]: Setting up your profile.
[0m17:20:31.961715 [debug] [MainThread]: Spark adapter: Setting pyhive.hive logging to ERROR
[0m17:20:31.962712 [debug] [MainThread]: Spark adapter: Setting thrift.transport logging to ERROR
[0m17:20:31.962712 [debug] [MainThread]: Spark adapter: Setting thrift.protocol logging to ERROR
[0m17:25:54.372969 [info ] [MainThread]: Profile dbt_databricks_sales_data written to C:\Users\edwin.ueberschaer\.dbt\profiles.yml using target's profile_template.yml and your supplied values. Run 'dbt debug' to validate the connection.
[0m17:25:54.376288 [debug] [MainThread]: Command `dbt init` succeeded at 17:25:54.375244 after 456.13 seconds
[0m17:25:54.376288 [debug] [MainThread]: Sending event: {'category': 'dbt', 'action': 'invocation', 'label': 'end', 'context': [<snowplow_tracker.self_describing_json.SelfDescribingJson object at 0x000001D06C8570B0>, <snowplow_tracker.self_describing_json.SelfDescribingJson object at 0x000001D053CDED50>, <snowplow_tracker.self_describing_json.SelfDescribingJson object at 0x000001D06CCECA40>]}
[0m17:25:54.377279 [debug] [MainThread]: Flushing usage events
[0m17:25:55.229886 [debug] [MainThread]: An error was encountered while trying to flush usage events
[0m17:26:16.302793 [debug] [MainThread]: Sending event: {'category': 'dbt', 'action': 'invocation', 'label': 'start', 'context': [<snowplow_tracker.self_describing_json.SelfDescribingJson object at 0x0000021FD2F77320>, <snowplow_tracker.self_describing_json.SelfDescribingJson object at 0x0000021FD2D79700>, <snowplow_tracker.self_describing_json.SelfDescribingJson object at 0x0000021FD2F3DE80>]}


============================== 17:26:16.314293 | c9f64e16-8c9c-45e6-a75f-d46ec1af4458 ==============================
[0m17:26:16.314293 [info ] [MainThread]: Running with dbt=1.10.15
[0m17:26:16.316537 [debug] [MainThread]: running dbt with arguments {'version_check': 'True', 'no_print': 'None', 'static_parser': 'True', 'target_path': 'None', 'warn_error_options': 'WarnErrorOptionsV2(error=[], warn=[], silence=[])', 'printer_width': '80', 'write_json': 'True', 'empty': 'None', 'log_cache_events': 'False', 'introspect': 'True', 'cache_selected_only': 'False', 'fail_fast': 'False', 'debug': 'False', 'log_format': 'default', 'partial_parse': 'True', 'send_anonymous_usage_stats': 'True', 'quiet': 'False', 'warn_error': 'None', 'profiles_dir': 'C:\\Users\\edwin.ueberschaer\\.dbt', 'use_colors': 'True', 'invocation_command': 'dbt debug', 'indirect_selection': 'eager', 'use_experimental_parser': 'False', 'log_path': 'logs'}
[0m17:26:16.375071 [info ] [MainThread]: dbt version: 1.10.15
[0m17:26:16.378005 [info ] [MainThread]: python version: 3.12.9
[0m17:26:16.379026 [info ] [MainThread]: python path: C:\Users\edwin.ueberschaer\OneDrive - BearingPoint GmbH\Side_Projects\DBT\.venv\Scripts\python.exe
[0m17:26:16.380043 [info ] [MainThread]: os info: Windows-11-10.0.26100-SP0
[0m17:26:17.903084 [debug] [MainThread]: Spark adapter: Setting pyhive.hive logging to ERROR
[0m17:26:17.904076 [debug] [MainThread]: Spark adapter: Setting thrift.transport logging to ERROR
[0m17:26:17.904076 [debug] [MainThread]: Spark adapter: Setting thrift.protocol logging to ERROR
[0m17:26:20.038755 [info ] [MainThread]: Using profiles dir at C:\Users\edwin.ueberschaer\.dbt
[0m17:26:20.039976 [info ] [MainThread]: Using profiles.yml file at C:\Users\edwin.ueberschaer\.dbt\profiles.yml
[0m17:26:20.040928 [info ] [MainThread]: Using dbt_project.yml file at C:\Users\edwin.ueberschaer\OneDrive - BearingPoint GmbH\Side_Projects\DBT\dbt_project.yml
[0m17:26:20.042928 [info ] [MainThread]: adapter type: databricks
[0m17:26:20.044467 [info ] [MainThread]: adapter version: 1.11.0
[0m17:26:20.047006 [info ] [MainThread]: Configuration:
[0m17:26:20.048578 [info ] [MainThread]:   profiles.yml file [[32mOK found and valid[0m]
[0m17:26:20.050814 [info ] [MainThread]:   dbt_project.yml file [[31mERROR not found[0m]
[0m17:26:20.052842 [info ] [MainThread]: Required dependencies:
[0m17:26:20.054841 [debug] [MainThread]: Executing "git --help"
[0m17:26:20.212527 [debug] [MainThread]: STDOUT: "b"usage: git [-v | --version] [-h | --help] [-C <path>] [-c <name>=<value>]\n           [--exec-path[=<path>]] [--html-path] [--man-path] [--info-path]\n           [-p | --paginate | -P | --no-pager] [--no-replace-objects] [--no-lazy-fetch]\n           [--no-optional-locks] [--no-advice] [--bare] [--git-dir=<path>]\n           [--work-tree=<path>] [--namespace=<name>] [--config-env=<name>=<envvar>]\n           <command> [<args>]\n\nThese are common Git commands used in various situations:\n\nstart a working area (see also: git help tutorial)\n   clone      Clone a repository into a new directory\n   init       Create an empty Git repository or reinitialize an existing one\n\nwork on the current change (see also: git help everyday)\n   add        Add file contents to the index\n   mv         Move or rename a file, a directory, or a symlink\n   restore    Restore working tree files\n   rm         Remove files from the working tree and from the index\n\nexamine the history and state (see also: git help revisions)\n   bisect     Use binary search to find the commit that introduced a bug\n   diff       Show changes between commits, commit and working tree, etc\n   grep       Print lines matching a pattern\n   log        Show commit logs\n   show       Show various types of objects\n   status     Show the working tree status\n\ngrow, mark and tweak your common history\n   backfill   Download missing objects in a partial clone\n   branch     List, create, or delete branches\n   commit     Record changes to the repository\n   merge      Join two or more development histories together\n   rebase     Reapply commits on top of another base tip\n   reset      Reset current HEAD to the specified state\n   switch     Switch branches\n   tag        Create, list, delete or verify tags\n\ncollaborate (see also: git help workflows)\n   fetch      Download objects and refs from another repository\n   pull       Fetch from and integrate with another repository or a local branch\n   push       Update remote refs along with associated objects\n\n'git help -a' and 'git help -g' list available subcommands and some\nconcept guides. See 'git help <command>' or 'git help <concept>'\nto read about a specific subcommand or concept.\nSee 'git help git' for an overview of the system.\n""
[0m17:26:20.213521 [debug] [MainThread]: STDERR: "b''"
[0m17:26:20.213521 [info ] [MainThread]:  - git [[32mOK found[0m]

[0m17:26:20.214520 [info ] [MainThread]: Connection:
[0m17:26:20.216538 [info ] [MainThread]:   host: dbc-29643830-dbfb.cloud.databricks.com
[0m17:26:20.217538 [info ] [MainThread]:   http_path: /sql/1.0/warehouses/d7dcd118a9f5c201
[0m17:26:20.218532 [info ] [MainThread]:   catalog: dbt_project_dev
[0m17:26:20.219052 [info ] [MainThread]:   schema: default
[0m17:26:20.222148 [info ] [MainThread]: Registered adapter: databricks=1.11.0
[0m17:26:21.101700 [debug] [MainThread]: Databricks adapter: DatabricksDBTConnection(session-id=None, name=debug) - Creating connection
[0m17:26:21.101700 [debug] [MainThread]: Acquiring new databricks connection 'debug'
[0m17:26:21.101700 [debug] [MainThread]: Using databricks connection "debug"
[0m17:26:21.102700 [debug] [MainThread]: On debug: select 1 as id
[0m17:26:21.102700 [debug] [MainThread]: Opening a new connection, currently in state init
[0m17:26:21.872979 [debug] [MainThread]: Databricks adapter: Connection(session-id=01f0d909-a05f-1cf4-8392-c11d768d6a67) - Created
[0m17:26:23.142746 [debug] [MainThread]: SQL status: OK in 2.040 seconds
[0m17:26:23.145647 [debug] [MainThread]: Databricks adapter: Cursor(session-id=01f0d909-a05f-1cf4-8392-c11d768d6a67, command-id=01f0d909-a076-1be6-9e0d-3490fa96ced2) - Closing
[0m17:26:23.148639 [debug] [MainThread]: On debug: Close
[0m17:26:23.149153 [debug] [MainThread]: Databricks adapter: Connection(session-id=01f0d909-a05f-1cf4-8392-c11d768d6a67) - Closing
[0m17:26:23.314776 [info ] [MainThread]:   Connection test: [[32mOK connection ok[0m]

[0m17:26:23.318023 [info ] [MainThread]: [31m1 check failed:[0m
[0m17:26:23.320879 [info ] [MainThread]: Project loading failed for the following reason:
 project path <C:\Users\edwin.ueberschaer\OneDrive - BearingPoint GmbH\Side_Projects\DBT\dbt_project.yml> not found

[0m17:26:23.324856 [debug] [MainThread]: Command `dbt debug` failed at 17:26:23.323858 after 7.42 seconds
[0m17:26:23.325857 [debug] [MainThread]: Sending event: {'category': 'dbt', 'action': 'invocation', 'label': 'end', 'context': [<snowplow_tracker.self_describing_json.SelfDescribingJson object at 0x0000021FD331F440>, <snowplow_tracker.self_describing_json.SelfDescribingJson object at 0x0000021FEE91E7E0>, <snowplow_tracker.self_describing_json.SelfDescribingJson object at 0x0000021FD2A77D70>]}
[0m17:26:23.326844 [debug] [MainThread]: Flushing usage events
[0m17:26:24.290603 [debug] [MainThread]: An error was encountered while trying to flush usage events
[0m00:28:15.696302 [debug] [MainThread]: Sending event: {'category': 'dbt', 'action': 'invocation', 'label': 'start', 'context': [<snowplow_tracker.self_describing_json.SelfDescribingJson object at 0x000001B2B816AC30>, <snowplow_tracker.self_describing_json.SelfDescribingJson object at 0x000001B2B76DF320>, <snowplow_tracker.self_describing_json.SelfDescribingJson object at 0x000001B2B7E0D220>]}


============================== 00:28:15.707302 | b9acb5b6-10c4-4b76-b033-dad490a9ba9a ==============================
[0m00:28:15.707302 [info ] [MainThread]: Running with dbt=1.10.15
[0m00:28:15.708680 [debug] [MainThread]: running dbt with arguments {'static_parser': 'True', 'no_print': 'None', 'version_check': 'True', 'target_path': 'None', 'warn_error_options': 'WarnErrorOptionsV2(error=[], warn=[], silence=[])', 'printer_width': '80', 'write_json': 'True', 'introspect': 'True', 'log_cache_events': 'False', 'empty': 'False', 'cache_selected_only': 'False', 'fail_fast': 'False', 'debug': 'False', 'log_format': 'default', 'partial_parse': 'True', 'send_anonymous_usage_stats': 'True', 'quiet': 'False', 'warn_error': 'None', 'profiles_dir': 'C:\\Users\\edwin.ueberschaer\\.dbt', 'indirect_selection': 'eager', 'invocation_command': 'dbt build --target prod', 'use_colors': 'True', 'use_experimental_parser': 'False', 'log_path': 'logs'}
[0m00:28:15.709781 [error] [MainThread]: Encountered an error:
Runtime Error
  No dbt_project.yml found at expected path C:\Users\edwin.ueberschaer\OneDrive - BearingPoint GmbH\Side_Projects\DBT\dbt_project.yml
  Verify that each entry within packages.yml (and their transitive dependencies) contains a file named dbt_project.yml
  
[0m00:28:15.711799 [debug] [MainThread]: Command `dbt build` failed at 00:28:15.710683 after 0.37 seconds
[0m00:28:15.711799 [debug] [MainThread]: Sending event: {'category': 'dbt', 'action': 'invocation', 'label': 'end', 'context': [<snowplow_tracker.self_describing_json.SelfDescribingJson object at 0x000001B2B77BB950>, <snowplow_tracker.self_describing_json.SelfDescribingJson object at 0x000001B2B76DF320>, <snowplow_tracker.self_describing_json.SelfDescribingJson object at 0x000001B2B8234230>]}
[0m00:28:15.711799 [debug] [MainThread]: Flushing usage events
[0m00:28:16.591537 [debug] [MainThread]: An error was encountered while trying to flush usage events
